Build started 18/12/2012 19:30:01.
     1>Project "C:\Users\Emma\Documents\Code\OpenGL\Camera_and_world\AntiSanti\AntiSanti.vcxproj" on node 2 (Build target(s)).
     1>ClCompile:
         c:\Program Files (x86)\Microsoft Visual Studio 10.0\VC\bin\CL.exe /c /ZI /nologo /W3 /WX- /Od /Oy- /D WIN32 /D _DEBUG /D _CONSOLE /D _UNICODE /D UNICODE /Gm /EHsc /RTC1 /MDd /GS /fp:precise /Zc:wchar_t /Zc:forScope /Fo"Debug\\" /Fd"Debug\vc100.pdb" /Gd /TP /analyze- /errorReport:prompt main.cpp params.cpp stdafx.cpp World.cpp
         World.cpp
         stdafx.cpp
         params.cpp
         main.cpp
     1>c:\users\emma\documents\code\opengl\camera_and_world\antisanti\main.cpp(193): warning C4552: '+' : operator has no effect; expected operator with side-effect
         Generating Code...
       ManifestResourceCompile:
         c:\Program Files (x86)\Microsoft SDKs\Windows\v7.0A\bin\rc.exe /nologo /fo"Debug\CamAndWorld.exe.embed.manifest.res" Debug\CamAndWorld_manifest.rc 
       Link:
         c:\Program Files (x86)\Microsoft Visual Studio 10.0\VC\bin\link.exe /ERRORREPORT:PROMPT /OUT:"C:\Users\Emma\Documents\Code\OpenGL\Camera_and_world\Debug\CamAndWorld.exe" /INCREMENTAL /NOLOGO kernel32.lib user32.lib gdi32.lib winspool.lib comdlg32.lib advapi32.lib shell32.lib ole32.lib oleaut32.lib uuid.lib odbc32.lib odbccp32.lib /MANIFEST /ManifestFile:"Debug\CamAndWorld.exe.intermediate.manifest" /MANIFESTUAC:"level='asInvoker' uiAccess='false'" /DEBUG /PDB:"C:\Users\Emma\Documents\Code\OpenGL\Camera_and_world\Debug\CamAndWorld.pdb" /SUBSYSTEM:CONSOLE /TLBID:1 /DYNAMICBASE /NXCOMPAT /IMPLIB:"C:\Users\Emma\Documents\Code\OpenGL\Camera_and_world\Debug\CamAndWorld.lib" /MACHINE:X86 Debug\CamAndWorld.exe.embed.manifest.res
         Debug\main.obj
         Debug\params.obj
         Debug\stdafx.obj
         Debug\World.obj
       Manifest:
         c:\Program Files (x86)\Microsoft SDKs\Windows\v7.0A\bin\mt.exe /nologo /verbose /out:"Debug\CamAndWorld.exe.embed.manifest" /manifest Debug\CamAndWorld.exe.intermediate.manifest
         c:\Program Files (x86)\Microsoft SDKs\Windows\v7.0A\bin\rc.exe /nologo /fo"Debug\CamAndWorld.exe.embed.manifest.res" Debug\CamAndWorld_manifest.rc 
       LinkEmbedManifest:
         c:\Program Files (x86)\Microsoft Visual Studio 10.0\VC\bin\link.exe /ERRORREPORT:PROMPT /OUT:"C:\Users\Emma\Documents\Code\OpenGL\Camera_and_world\Debug\CamAndWorld.exe" /INCREMENTAL /NOLOGO kernel32.lib user32.lib gdi32.lib winspool.lib comdlg32.lib advapi32.lib shell32.lib ole32.lib oleaut32.lib uuid.lib odbc32.lib odbccp32.lib /MANIFEST /ManifestFile:"Debug\CamAndWorld.exe.intermediate.manifest" /MANIFESTUAC:"level='asInvoker' uiAccess='false'" /DEBUG /PDB:"C:\Users\Emma\Documents\Code\OpenGL\Camera_and_world\Debug\CamAndWorld.pdb" /SUBSYSTEM:CONSOLE /TLBID:1 /DYNAMICBASE /NXCOMPAT /IMPLIB:"C:\Users\Emma\Documents\Code\OpenGL\Camera_and_world\Debug\CamAndWorld.lib" /MACHINE:X86 Debug\CamAndWorld.exe.embed.manifest.res
         Debug\main.obj
         Debug\params.obj
         Debug\stdafx.obj
         Debug\World.obj
         AntiSanti.vcxproj -> C:\Users\Emma\Documents\Code\OpenGL\Camera_and_world\Debug\CamAndWorld.exe
     1>Done Building Project "C:\Users\Emma\Documents\Code\OpenGL\Camera_and_world\AntiSanti\AntiSanti.vcxproj" (Build target(s)).

Build succeeded.

Time Elapsed 00:00:01.29
