C:\USERS\EMMA\DOCUMENTS\CODE\OPENGL\CAMERA_AND_WORLD\ANTISANTI\DEBUG\MAIN.OBJ
C:\USERS\EMMA\DOCUMENTS\CODE\OPENGL\CAMERA_AND_WORLD\ANTISANTI\DEBUG\PARAMS.OBJ
C:\USERS\EMMA\DOCUMENTS\CODE\OPENGL\CAMERA_AND_WORLD\ANTISANTI\DEBUG\STDAFX.OBJ
C:\USERS\EMMA\DOCUMENTS\CODE\OPENGL\CAMERA_AND_WORLD\ANTISANTI\DEBUG\WORLD.OBJ
C:\USERS\EMMA\DOCUMENTS\CODE\OPENGL\CAMERA_AND_WORLD\ANTISANTI\DEBUG\VC100.PDB
C:\USERS\EMMA\DOCUMENTS\CODE\OPENGL\CAMERA_AND_WORLD\DEBUG\ANTISANTI.ILK
C:\USERS\EMMA\DOCUMENTS\CODE\OPENGL\CAMERA_AND_WORLD\DEBUG\ANTISANTI.EXE
C:\USERS\EMMA\DOCUMENTS\CODE\OPENGL\CAMERA_AND_WORLD\ANTISANTI\DEBUG\ANTISANTI.EXE.INTERMEDIATE.MANIFEST
C:\USERS\EMMA\DOCUMENTS\CODE\OPENGL\CAMERA_AND_WORLD\DEBUG\ANTISANTI.PDB
C:\USERS\EMMA\DOCUMENTS\CODE\OPENGL\CAMERA_AND_WORLD\DEBUG\CAMANDWORLD.ILK
C:\USERS\EMMA\DOCUMENTS\CODE\OPENGL\CAMERA_AND_WORLD\DEBUG\CAMANDWORLD.EXE
C:\USERS\EMMA\DOCUMENTS\CODE\OPENGL\CAMERA_AND_WORLD\ANTISANTI\DEBUG\CAMANDWORLD.EXE.INTERMEDIATE.MANIFEST
C:\USERS\EMMA\DOCUMENTS\CODE\OPENGL\CAMERA_AND_WORLD\DEBUG\CAMANDWORLD.PDB
C:\USERS\EMMA\DOCUMENTS\CODE\OPENGL\CAMERA_AND_WORLD\ANTISANTI\DEBUG\CAMANDWORLD.EXE.EMBED.MANIFEST
C:\USERS\EMMA\DOCUMENTS\CODE\OPENGL\CAMERA_AND_WORLD\ANTISANTI\DEBUG\ANTISANTI.EXE.EMBED.MANIFEST.RES
C:\USERS\EMMA\DOCUMENTS\CODE\OPENGL\CAMERA_AND_WORLD\ANTISANTI\DEBUG\CAMANDWORLD.EXE.EMBED.MANIFEST.RES
C:\Users\Emma\Documents\Code\OpenGL\Camera_and_world\AntiSanti\Debug\AntiSanti.obj
C:\Users\Emma\Documents\Code\OpenGL\Camera_and_world\AntiSanti\Debug\Camera.obj
C:\Users\Emma\Documents\Code\OpenGL\Camera_and_world\AntiSanti\Debug\main.obj
C:\Users\Emma\Documents\Code\OpenGL\Camera_and_world\AntiSanti\Debug\params.obj
C:\Users\Emma\Documents\Code\OpenGL\Camera_and_world\AntiSanti\Debug\stdafx.obj
C:\Users\Emma\Documents\Code\OpenGL\Camera_and_world\AntiSanti\Debug\World.obj
C:\Users\Emma\Documents\Code\OpenGL\Camera_and_world\AntiSanti\Debug\cl.command.1.tlog
C:\Users\Emma\Documents\Code\OpenGL\Camera_and_world\AntiSanti\Debug\CL.read.1.tlog
C:\Users\Emma\Documents\Code\OpenGL\Camera_and_world\AntiSanti\Debug\CL.write.1.tlog
C:\Users\Emma\Documents\Code\OpenGL\Camera_and_world\AntiSanti\Debug\link-cvtres.read.1.tlog
C:\Users\Emma\Documents\Code\OpenGL\Camera_and_world\AntiSanti\Debug\link-cvtres.write.1.tlog
C:\Users\Emma\Documents\Code\OpenGL\Camera_and_world\AntiSanti\Debug\link.10532-cvtres.read.1.tlog
C:\Users\Emma\Documents\Code\OpenGL\Camera_and_world\AntiSanti\Debug\link.10532-cvtres.write.1.tlog
C:\Users\Emma\Documents\Code\OpenGL\Camera_and_world\AntiSanti\Debug\link.10532.read.1.tlog
C:\Users\Emma\Documents\Code\OpenGL\Camera_and_world\AntiSanti\Debug\link.10532.write.1.tlog
C:\Users\Emma\Documents\Code\OpenGL\Camera_and_world\AntiSanti\Debug\link.11320-cvtres.read.1.tlog
C:\Users\Emma\Documents\Code\OpenGL\Camera_and_world\AntiSanti\Debug\link.11320-cvtres.write.1.tlog
C:\Users\Emma\Documents\Code\OpenGL\Camera_and_world\AntiSanti\Debug\link.11320.read.1.tlog
C:\Users\Emma\Documents\Code\OpenGL\Camera_and_world\AntiSanti\Debug\link.11320.write.1.tlog
C:\Users\Emma\Documents\Code\OpenGL\Camera_and_world\AntiSanti\Debug\link.11828-cvtres.read.1.tlog
C:\Users\Emma\Documents\Code\OpenGL\Camera_and_world\AntiSanti\Debug\link.11828-cvtres.write.1.tlog
C:\Users\Emma\Documents\Code\OpenGL\Camera_and_world\AntiSanti\Debug\link.11828.read.1.tlog
C:\Users\Emma\Documents\Code\OpenGL\Camera_and_world\AntiSanti\Debug\link.11828.write.1.tlog
C:\Users\Emma\Documents\Code\OpenGL\Camera_and_world\AntiSanti\Debug\link.12636-cvtres.read.1.tlog
C:\Users\Emma\Documents\Code\OpenGL\Camera_and_world\AntiSanti\Debug\link.12636-cvtres.write.1.tlog
C:\Users\Emma\Documents\Code\OpenGL\Camera_and_world\AntiSanti\Debug\link.12636.read.1.tlog
C:\Users\Emma\Documents\Code\OpenGL\Camera_and_world\AntiSanti\Debug\link.12636.write.1.tlog
C:\Users\Emma\Documents\Code\OpenGL\Camera_and_world\AntiSanti\Debug\link.12800-cvtres.read.1.tlog
C:\Users\Emma\Documents\Code\OpenGL\Camera_and_world\AntiSanti\Debug\link.12800-cvtres.write.1.tlog
C:\Users\Emma\Documents\Code\OpenGL\Camera_and_world\AntiSanti\Debug\link.12800.read.1.tlog
C:\Users\Emma\Documents\Code\OpenGL\Camera_and_world\AntiSanti\Debug\link.12800.write.1.tlog
C:\Users\Emma\Documents\Code\OpenGL\Camera_and_world\AntiSanti\Debug\link.2840-cvtres.read.1.tlog
C:\Users\Emma\Documents\Code\OpenGL\Camera_and_world\AntiSanti\Debug\link.2840-cvtres.write.1.tlog
C:\Users\Emma\Documents\Code\OpenGL\Camera_and_world\AntiSanti\Debug\link.2840.read.1.tlog
C:\Users\Emma\Documents\Code\OpenGL\Camera_and_world\AntiSanti\Debug\link.2840.write.1.tlog
C:\Users\Emma\Documents\Code\OpenGL\Camera_and_world\AntiSanti\Debug\link.4860-cvtres.read.1.tlog
C:\Users\Emma\Documents\Code\OpenGL\Camera_and_world\AntiSanti\Debug\link.4860-cvtres.write.1.tlog
C:\Users\Emma\Documents\Code\OpenGL\Camera_and_world\AntiSanti\Debug\link.4860.read.1.tlog
C:\Users\Emma\Documents\Code\OpenGL\Camera_and_world\AntiSanti\Debug\link.4860.write.1.tlog
C:\Users\Emma\Documents\Code\OpenGL\Camera_and_world\AntiSanti\Debug\link.700-cvtres.read.1.tlog
C:\Users\Emma\Documents\Code\OpenGL\Camera_and_world\AntiSanti\Debug\link.700-cvtres.write.1.tlog
C:\Users\Emma\Documents\Code\OpenGL\Camera_and_world\AntiSanti\Debug\link.700.read.1.tlog
C:\Users\Emma\Documents\Code\OpenGL\Camera_and_world\AntiSanti\Debug\link.700.write.1.tlog
C:\Users\Emma\Documents\Code\OpenGL\Camera_and_world\AntiSanti\Debug\link.9604-cvtres.read.1.tlog
C:\Users\Emma\Documents\Code\OpenGL\Camera_and_world\AntiSanti\Debug\link.9604-cvtres.write.1.tlog
C:\Users\Emma\Documents\Code\OpenGL\Camera_and_world\AntiSanti\Debug\link.9604.read.1.tlog
C:\Users\Emma\Documents\Code\OpenGL\Camera_and_world\AntiSanti\Debug\link.9604.write.1.tlog
C:\Users\Emma\Documents\Code\OpenGL\Camera_and_world\AntiSanti\Debug\link.command.1.tlog
C:\Users\Emma\Documents\Code\OpenGL\Camera_and_world\AntiSanti\Debug\link.read.1.tlog
C:\Users\Emma\Documents\Code\OpenGL\Camera_and_world\AntiSanti\Debug\link.write.1.tlog
C:\Users\Emma\Documents\Code\OpenGL\Camera_and_world\AntiSanti\Debug\mt.command.1.tlog
C:\Users\Emma\Documents\Code\OpenGL\Camera_and_world\AntiSanti\Debug\mt.read.1.tlog
C:\Users\Emma\Documents\Code\OpenGL\Camera_and_world\AntiSanti\Debug\mt.write.1.tlog
C:\Users\Emma\Documents\Code\OpenGL\Camera_and_world\AntiSanti\Debug\rc.command.1.tlog
C:\Users\Emma\Documents\Code\OpenGL\Camera_and_world\AntiSanti\Debug\rc.read.1.tlog
C:\Users\Emma\Documents\Code\OpenGL\Camera_and_world\AntiSanti\Debug\rc.write.1.tlog
C:\Users\Emma\Documents\Code\OpenGL\Camera_and_world\AntiSanti\Debug\AntiSanti.exe.embed.manifest
C:\Users\Emma\Documents\Code\OpenGL\Camera_and_world\AntiSanti\Debug\AntiSanti.exe.intermediate.manifest
C:\Users\Emma\Documents\Code\OpenGL\Camera_and_world\AntiSanti\Debug\CamAndWorld.exe.embed.manifest
C:\Users\Emma\Documents\Code\OpenGL\Camera_and_world\AntiSanti\Debug\CamAndWorld.exe.intermediate.manifest
C:\Users\Emma\Documents\Code\OpenGL\Camera_and_world\AntiSanti\Debug\AntiSanti.exe.embed.manifest.res
C:\Users\Emma\Documents\Code\OpenGL\Camera_and_world\AntiSanti\Debug\CamAndWorld.exe.embed.manifest.res
C:\Users\Emma\Documents\Code\OpenGL\Camera_and_world\AntiSanti\Debug\vc100.idb
C:\Users\Emma\Documents\Code\OpenGL\Camera_and_world\AntiSanti\Debug\vc100.pdb
C:\Users\Emma\Documents\Code\OpenGL\Camera_and_world\AntiSanti\Debug\AntiSanti_manifest.rc
C:\Users\Emma\Documents\Code\OpenGL\Camera_and_world\AntiSanti\Debug\CamAndWorld_manifest.rc
C:\Users\Emma\Documents\Code\OpenGL\Camera_and_world\Debug\CamAndWorld.pdb
C:\Users\Emma\Documents\Code\OpenGL\Camera_and_world\Debug\CamAndWorld.exe
C:\Users\Emma\Documents\Code\OpenGL\Camera_and_world\Debug\CamAndWorld.ilk
